#-----------------------------------------------------------
# Vivado v2020.1 (64-bit)
# SW Build 2902540 on Wed May 27 19:54:49 MDT 2020
# IP Build 2902112 on Wed May 27 22:43:36 MDT 2020
# Start of session at: Mon Mar 31 19:15:10 2025
# Process ID: 932
# Current directory: D:/PracticeProject/CDD_FinalProject
# Command line: vivado.exe -gui_launcher_event rodinguilauncherevent28076 D:\PracticeProject\CDD_FinalProject\Lab3.xpr
# Log file: D:/PracticeProject/CDD_FinalProject/vivado.log
# Journal file: D:/PracticeProject/CDD_FinalProject\vivado.jou
#-----------------------------------------------------------
start_gui
open_project D:/PracticeProject/CDD_FinalProject/Lab3.xpr
INFO: [Project 1-313] Project file moved from 'D:/PROJECT/XILINX/Lab4_Final' since last save.
Scanning sources...
Finished scanning sources
INFO: [IP_Flow 19-234] Refreshing IP repositories
INFO: [IP_Flow 19-1704] No user IP repositories specified
INFO: [IP_Flow 19-2313] Loaded Vivado IP repository 'D:/Software/Xilinx/Vivado/2020.1/data/ip'.
open_project: Time (s): cpu = 00:00:14 ; elapsed = 00:00:06 . Memory (MB): peak = 1003.602 ; gain = 0.000
update_compile_order -fileset sources_1
exit
INFO: [Common 17-206] Exiting Vivado at Mon Mar 31 19:22:55 2025...
