Copyright 1986-2020 Xilinx, Inc. All Rights Reserved.
-------------------------------------------------------------------------------------
| Tool Version : Vivado v.2020.1 (win64) Build 2902540 Wed May 27 19:54:49 MDT 2020
| Date         : Wed Apr 16 11:20:24 2025
| Host         : DESKTOP-3T9PBIE running 64-bit major release  (build 9200)
| Command      : report_control_sets -verbose -file uart_top_control_sets_placed.rpt
| Design       : uart_top
| Device       : xc7z020
-------------------------------------------------------------------------------------

Control Set Information

Table of Contents
-----------------
1. Summary
2. Histogram
3. Flip-Flop Distribution
4. Detailed Control Set Information

1. Summary
----------

+----------------------------------------------------------+-------+
|                          Status                          | Count |
+----------------------------------------------------------+-------+
| Total control sets                                       |    10 |
|    Minimum number of control sets                        |    10 |
|    Addition due to synthesis replication                 |     0 |
|    Addition due to physical synthesis replication        |     0 |
| Unused register locations in slices containing registers |    12 |
+----------------------------------------------------------+-------+
* Control sets can be merged at opt_design using control_set_merge or merge_equivalent_drivers
** Run report_qor_suggestions for automated merging and remapping suggestions


2. Histogram
------------

+--------------------+-------+
|       Fanout       | Count |
+--------------------+-------+
| Total control sets |    10 |
| >= 0 to < 4        |     1 |
| >= 4 to < 6        |     0 |
| >= 6 to < 8        |     0 |
| >= 8 to < 10       |     3 |
| >= 10 to < 12      |     0 |
| >= 12 to < 14      |     1 |
| >= 14 to < 16      |     0 |
| >= 16              |     5 |
+--------------------+-------+
* Control sets can be remapped at either synth_design or opt_design


3. Flip-Flop Distribution
-------------------------

+--------------+-----------------------+------------------------+-----------------+--------------+
| Clock Enable | Synchronous Set/Reset | Asynchronous Set/Reset | Total Registers | Total Slices |
+--------------+-----------------------+------------------------+-----------------+--------------+
| No           | No                    | No                     |               3 |            2 |
| No           | No                    | Yes                    |               0 |            0 |
| No           | Yes                   | No                     |            1621 |          438 |
| Yes          | No                    | No                     |               0 |            0 |
| Yes          | No                    | Yes                    |               0 |            0 |
| Yes          | Yes                   | No                     |            2092 |          344 |
+--------------+-----------------------+------------------------+-----------------+--------------+


4. Detailed Control Set Information
-----------------------------------

+-----------------+---------------------------+------------------+------------------+----------------+--------------+
|   Clock Signal  |       Enable Signal       | Set/Reset Signal | Slice Load Count | Bel Load Count | Bels / Slice |
+-----------------+---------------------------+------------------+------------------+----------------+--------------+
|  iClk_IBUF_BUFG |                           |                  |                2 |              3 |         1.50 |
|  iClk_IBUF_BUFG | rTxByte[7]_i_1_n_0        | iRst_IBUF        |                2 |              8 |         4.00 |
|  iClk_IBUF_BUFG | UART_TX_INST/wTxData_Next | iRst_IBUF        |                3 |              8 |         2.67 |
|  iClk_IBUF_BUFG | UART_RX_INST/wRxData_Next | iRst_IBUF        |                3 |              8 |         2.67 |
|  iClk_IBUF_BUFG | MP_ADDER_INST/rCnt        | iRst_IBUF        |                3 |             12 |         4.00 |
|  iClk_IBUF_BUFG | rA                        | iRst_IBUF        |               85 |            512 |         6.02 |
|  iClk_IBUF_BUFG | UART_RX_INST/E[0]         | iRst_IBUF        |               78 |            512 |         6.56 |
|  iClk_IBUF_BUFG | rB[511]_i_1_n_0           | iRst_IBUF        |               94 |            512 |         5.45 |
|  iClk_IBUF_BUFG | MP_ADDER_INST/E[0]        | iRst_IBUF        |               76 |            520 |         6.84 |
|  iClk_IBUF_BUFG |                           | iRst_IBUF        |              438 |           1621 |         3.70 |
+-----------------+---------------------------+------------------+------------------+----------------+--------------+


